<?xml version="1.0" encoding="UTF-8"?>
<coverage generated="1741408973877" clover="3.2.0">
  <project timestamp="1741408973877" name="All files">
    <metrics statements="17" coveredstatements="17" conditionals="6" coveredconditionals="6" methods="5" coveredmethods="5" elements="28" coveredelements="28" complexity="0" loc="17" ncloc="17" packages="1" files="1" classes="1"/>
    <file name="MathBasic.js" path="/home/agus/Projects/Course/dicoding-backend-javascript-expert/src/MathBasic.js">
      <metrics statements="17" coveredstatements="17" conditionals="6" coveredconditionals="6" methods="5" coveredmethods="5"/>
      <line num="1" count="1" type="stmt"/>
      <line num="3" count="10" type="stmt"/>
      <line num="4" count="3" type="stmt"/>
      <line num="7" count="10" type="stmt"/>
      <line num="8" count="3" type="stmt"/>
      <line num="11" count="10" type="stmt"/>
      <line num="12" count="3" type="stmt"/>
      <line num="15" count="10" type="stmt"/>
      <line num="16" count="3" type="stmt"/>
      <line num="20" count="1" type="stmt"/>
      <line num="21" count="40" type="cond" truecount="2" falsecount="0"/>
      <line num="22" count="16" type="stmt"/>
      <line num="25" count="24" type="stmt"/>
      <line num="26" count="24" type="cond" truecount="4" falsecount="0"/>
      <line num="27" count="12" type="stmt"/>
      <line num="30" count="12" type="stmt"/>
      <line num="33" count="1" type="stmt"/>
    </file>
  </project>
</coverage>
