TN:
SF:src/MathBasic.js
FN:2,(anonymous_0)
FN:6,(anonymous_1)
FN:10,(anonymous_2)
FN:14,(anonymous_3)
FN:20,(anonymous_4)
FNF:5
FNH:5
FNDA:10,(anonymous_0)
FNDA:10,(anonymous_1)
FNDA:10,(anonymous_2)
FNDA:10,(anonymous_3)
FNDA:40,(anonymous_4)
DA:1,1
DA:3,10
DA:4,3
DA:7,10
DA:8,3
DA:11,10
DA:12,3
DA:15,10
DA:16,3
DA:20,1
DA:21,40
DA:22,16
DA:25,24
DA:26,24
DA:27,12
DA:30,12
DA:33,1
LF:17
LH:17
BRDA:21,0,0,16
BRDA:21,0,1,24
BRDA:26,1,0,12
BRDA:26,1,1,12
BRDA:26,2,0,24
BRDA:26,2,1,12
BRF:6
BRH:6
end_of_record
